{
  "Cucumber Features": {
    "coverage": {
      "/home/saasbook/Documents/hw3_rottenpotatoes/app/controllers/application_controller.rb": [
        1,
        1,
        null
      ],
      "/home/saasbook/Documents/hw3_rottenpotatoes/app/helpers/application_helper.rb": [
        1,
        null
      ],
      "/home/saasbook/Documents/hw3_rottenpotatoes/app/helpers/movies_helper.rb": [
        1,
        null,
        1,
        0,
        null,
        null
      ],
      "/home/saasbook/Documents/hw3_rottenpotatoes/app/controllers/movies_controller.rb": [
        1,
        1,
        0,
        null,
        0,
        0,
        0,
        null,
        0,
        null,
        null,
        null,
        null,
        1,
        0,
        0,
        null,
        null,
        null,
        1,
        3,
        3,
        null,
        2,
        null,
        0,
        null,
        3,
        3,
        null,
        3,
        1,
        1,
        null,
        null,
        2,
        0,
        0,
        0,
        null,
        2,
        null,
        null,
        1,
        null,
        null,
        null,
        1,
        0,
        0,
        0,
        null,
        null,
        1,
        0,
        null,
        null,
        1,
        0,
        0,
        0,
        0,
        null,
        null,
        1,
        0,
        0,
        0,
        0,
        null,
        null,
        null
      ],
      "/home/saasbook/Documents/hw3_rottenpotatoes/app/models/movie.rb": [
        1,
        1,
        3,
        null,
        null,
        1,
        1,
        0,
        null,
        null,
        null
      ]
    },
    "timestamp": 1340558660
  },
  "RSpec": {
    "coverage": {
      "/home/saasbook/Documents/hw3_rottenpotatoes/app/controllers/application_controller.rb": [
        1,
        1,
        null
      ],
      "/home/saasbook/Documents/hw3_rottenpotatoes/app/helpers/application_helper.rb": [
        1,
        null
      ],
      "/home/saasbook/Documents/hw3_rottenpotatoes/app/helpers/movies_helper.rb": [
        1,
        null,
        1,
        0,
        null,
        null
      ],
      "/home/saasbook/Documents/hw3_rottenpotatoes/app/controllers/movies_controller.rb": [
        1,
        1,
        5,
        null,
        5,
        3,
        3,
        null,
        2,
        null,
        null,
        null,
        null,
        1,
        0,
        0,
        null,
        null,
        null,
        1,
        0,
        0,
        null,
        0,
        null,
        0,
        null,
        0,
        0,
        null,
        0,
        0,
        0,
        null,
        null,
        0,
        0,
        0,
        0,
        null,
        0,
        null,
        null,
        1,
        null,
        null,
        null,
        1,
        0,
        0,
        0,
        null,
        null,
        1,
        0,
        null,
        null,
        1,
        0,
        0,
        0,
        0,
        null,
        null,
        1,
        0,
        0,
        0,
        0,
        null,
        null,
        null
      ],
      "/home/saasbook/Documents/hw3_rottenpotatoes/app/models/movie.rb": [
        1,
        1,
        0,
        null,
        null,
        1,
        1,
        0,
        null,
        null,
        null
      ]
    },
    "timestamp": 1340547579
  }
}
